e:\cocos\sanguo\cocos2d\cocos\editor-support\spine\proj.win32\release.win32\meshattachment.obj
e:\cocos\sanguo\cocos2d\cocos\editor-support\spine\proj.win32\release.win32\json.obj
e:\cocos\sanguo\cocos2d\cocos\editor-support\spine\proj.win32\release.win32\ikconstraintdata.obj
e:\cocos\sanguo\cocos2d\cocos\editor-support\spine\proj.win32\release.win32\ikconstraint.obj
e:\cocos\sanguo\cocos2d\cocos\editor-support\spine\proj.win32\release.win32\extension.obj
e:\cocos\sanguo\cocos2d\cocos\editor-support\spine\proj.win32\release.win32\eventdata.obj
e:\cocos\sanguo\cocos2d\cocos\editor-support\spine\proj.win32\release.win32\event.obj
e:\cocos\sanguo\cocos2d\cocos\editor-support\spine\proj.win32\release.win32\color.obj
e:\cocos\sanguo\cocos2d\cocos\editor-support\spine\proj.win32\release.win32\clippingattachment.obj
e:\cocos\sanguo\cocos2d\cocos\editor-support\spine\proj.win32\release.win32\boundingboxattachment.obj
e:\cocos\sanguo\cocos2d\cocos\editor-support\spine\proj.win32\release.win32\bonedata.obj
e:\cocos\sanguo\cocos2d\cocos\editor-support\spine\proj.win32\release.win32\bone.obj
e:\cocos\sanguo\cocos2d\cocos\editor-support\spine\proj.win32\release.win32\attachmentloader.obj
e:\cocos\sanguo\cocos2d\cocos\editor-support\spine\proj.win32\release.win32\attachment.obj
e:\cocos\sanguo\cocos2d\cocos\editor-support\spine\proj.win32\release.win32\atlasattachmentloader.obj
e:\cocos\sanguo\cocos2d\cocos\editor-support\spine\proj.win32\release.win32\atlas.obj
e:\cocos\sanguo\cocos2d\cocos\editor-support\spine\proj.win32\release.win32\array.obj
e:\cocos\sanguo\cocos2d\cocos\editor-support\spine\proj.win32\release.win32\animationstatedata.obj
e:\cocos\sanguo\cocos2d\cocos\editor-support\spine\proj.win32\release.win32\animationstate.obj
e:\cocos\sanguo\cocos2d\cocos\editor-support\spine\proj.win32\release.win32\animation.obj
e:\cocos\sanguo\cocos2d\cocos\editor-support\spine\proj.win32\release.win32\vertexeffect.obj
e:\cocos\sanguo\cocos2d\cocos\editor-support\spine\proj.win32\release.win32\vertexattachment.obj
e:\cocos\sanguo\cocos2d\cocos\editor-support\spine\proj.win32\release.win32\triangulator.obj
e:\cocos\sanguo\cocos2d\cocos\editor-support\spine\proj.win32\release.win32\transformconstraintdata.obj
e:\cocos\sanguo\cocos2d\cocos\editor-support\spine\proj.win32\release.win32\transformconstraint.obj
e:\cocos\sanguo\cocos2d\cocos\editor-support\spine\proj.win32\release.win32\slotdata.obj
e:\cocos\sanguo\cocos2d\cocos\editor-support\spine\proj.win32\release.win32\slot.obj
e:\cocos\sanguo\cocos2d\cocos\editor-support\spine\proj.win32\release.win32\skin.obj
e:\cocos\sanguo\cocos2d\cocos\editor-support\spine\proj.win32\release.win32\skeletonjson.obj
e:\cocos\sanguo\cocos2d\cocos\editor-support\spine\proj.win32\release.win32\skeletondata.obj
e:\cocos\sanguo\cocos2d\cocos\editor-support\spine\proj.win32\release.win32\skeletonclipping.obj
e:\cocos\sanguo\cocos2d\cocos\editor-support\spine\proj.win32\release.win32\skeletonbounds.obj
e:\cocos\sanguo\cocos2d\cocos\editor-support\spine\proj.win32\release.win32\skeletonbinary.obj
e:\cocos\sanguo\cocos2d\cocos\editor-support\spine\proj.win32\release.win32\skeleton.obj
e:\cocos\sanguo\cocos2d\cocos\editor-support\spine\proj.win32\release.win32\regionattachment.obj
e:\cocos\sanguo\cocos2d\cocos\editor-support\spine\proj.win32\release.win32\pointattachment.obj
e:\cocos\sanguo\cocos2d\cocos\editor-support\spine\proj.win32\release.win32\pathconstraintdata.obj
e:\cocos\sanguo\cocos2d\cocos\editor-support\spine\proj.win32\release.win32\pathconstraint.obj
e:\cocos\sanguo\cocos2d\cocos\editor-support\spine\proj.win32\release.win32\pathattachment.obj
e:\cocos\sanguo\cocos2d\cocos\editor-support\spine\proj.win32\release.win32\spine-cocos2dx.obj
e:\cocos\sanguo\cocos2d\cocos\editor-support\spine\proj.win32\release.win32\skeletontwocolorbatch.obj
e:\cocos\sanguo\cocos2d\cocos\editor-support\spine\proj.win32\release.win32\skeletonrenderer.obj
e:\cocos\sanguo\cocos2d\cocos\editor-support\spine\proj.win32\release.win32\skeletonbatch.obj
e:\cocos\sanguo\cocos2d\cocos\editor-support\spine\proj.win32\release.win32\skeletonanimation.obj
e:\cocos\sanguo\cocos2d\cocos\editor-support\spine\proj.win32\release.win32\cocos2dattachmentloader.obj
e:\cocos\sanguo\cocos2d\cocos\editor-support\spine\proj.win32\release.win32\attachmentvertices.obj
e:\cocos\sanguo\proj.win32\release.win32\libspine.lib
e:\cocos\sanguo\cocos2d\cocos\editor-support\spine\proj.win32\release.win32\libspine.tlog\cl.command.1.tlog
e:\cocos\sanguo\cocos2d\cocos\editor-support\spine\proj.win32\release.win32\libspine.tlog\cl.read.1.tlog
e:\cocos\sanguo\cocos2d\cocos\editor-support\spine\proj.win32\release.win32\libspine.tlog\cl.write.1.tlog
e:\cocos\sanguo\cocos2d\cocos\editor-support\spine\proj.win32\release.win32\libspine.tlog\lib-link.read.1.tlog
e:\cocos\sanguo\cocos2d\cocos\editor-support\spine\proj.win32\release.win32\libspine.tlog\lib-link.write.1.tlog
e:\cocos\sanguo\cocos2d\cocos\editor-support\spine\proj.win32\release.win32\libspine.tlog\lib.command.1.tlog
